[0.067s] DEBUG:colcon:Command line arguments: ['/usr/bin/colcon', 'build', '--packages-select', 'run']
[0.067s] DEBUG:colcon:Parsed command line arguments: Namespace(log_base=None, log_level=None, verb_name='build', build_base='build', install_base='install', merge_install=False, symlink_install=False, test_result_base=None, continue_on_error=False, executor='parallel', parallel_workers=16, event_handlers=None, ignore_user_meta=False, metas=['./colcon.meta'], base_paths=['.'], packages_ignore=None, packages_ignore_regex=None, paths=None, packages_up_to=None, packages_up_to_regex=None, packages_above=None, packages_above_and_dependencies=None, packages_above_depth=None, packages_select_by_dep=None, packages_skip_by_dep=None, packages_skip_up_to=None, packages_select_build_failed=False, packages_skip_build_finished=False, packages_select_test_failures=False, packages_skip_test_passed=False, packages_select=['run'], packages_skip=None, packages_select_regex=None, packages_skip_regex=None, packages_start=None, packages_end=None, allow_overriding=[], cmake_args=None, cmake_target=None, cmake_target_skip_unavailable=False, cmake_clean_cache=False, cmake_clean_first=False, cmake_force_configure=False, ament_cmake_args=None, catkin_cmake_args=None, catkin_skip_building_tests=False, verb_parser=<colcon_defaults.argument_parser.defaults.DefaultArgumentsDecorator object at 0x7ec71a3504f0>, verb_extension=<colcon_core.verb.build.BuildVerb object at 0x7ec71a327ee0>, main=<bound method BuildVerb.main of <colcon_core.verb.build.BuildVerb object at 0x7ec71a327ee0>>)
[0.162s] Level 1:colcon.colcon_core.package_discovery:discover_packages(colcon_meta) check parameters
[0.162s] Level 1:colcon.colcon_core.package_discovery:discover_packages(recursive) check parameters
[0.162s] Level 1:colcon.colcon_core.package_discovery:discover_packages(ignore) check parameters
[0.162s] Level 1:colcon.colcon_core.package_discovery:discover_packages(path) check parameters
[0.162s] Level 1:colcon.colcon_core.package_discovery:discover_packages(colcon_meta) discover
[0.162s] Level 1:colcon.colcon_core.package_discovery:discover_packages(recursive) discover
[0.162s] INFO:colcon.colcon_core.package_discovery:Crawling recursively for packages in '/home/mahe/Desktop/hk/erc_hackathon_main/Automation/src'
[0.162s] Level 1:colcon.colcon_core.package_identification:_identify(.) by extensions ['ignore', 'ignore_ament_install']
[0.162s] Level 1:colcon.colcon_core.package_identification:_identify(.) by extension 'ignore'
[0.162s] Level 1:colcon.colcon_core.package_identification:_identify(.) by extension 'ignore_ament_install'
[0.162s] Level 1:colcon.colcon_core.package_identification:_identify(.) by extensions ['colcon_pkg']
[0.162s] Level 1:colcon.colcon_core.package_identification:_identify(.) by extension 'colcon_pkg'
[0.162s] Level 1:colcon.colcon_core.package_identification:_identify(.) by extensions ['colcon_meta']
[0.162s] Level 1:colcon.colcon_core.package_identification:_identify(.) by extension 'colcon_meta'
[0.162s] Level 1:colcon.colcon_core.package_identification:_identify(.) by extensions ['ros']
[0.162s] Level 1:colcon.colcon_core.package_identification:_identify(.) by extension 'ros'
[0.169s] Level 1:colcon.colcon_core.package_identification:_identify(.) by extensions ['cmake', 'python']
[0.169s] Level 1:colcon.colcon_core.package_identification:_identify(.) by extension 'cmake'
[0.169s] Level 1:colcon.colcon_core.package_identification:_identify(.) by extension 'python'
[0.169s] Level 1:colcon.colcon_core.package_identification:_identify(.) by extensions ['python_setup_py']
[0.169s] Level 1:colcon.colcon_core.package_identification:_identify(.) by extension 'python_setup_py'
[0.169s] Level 1:colcon.colcon_core.package_identification:_identify(Automation) by extensions ['ignore', 'ignore_ament_install']
[0.169s] Level 1:colcon.colcon_core.package_identification:_identify(Automation) by extension 'ignore'
[0.169s] Level 1:colcon.colcon_core.package_identification:_identify(Automation) by extension 'ignore_ament_install'
[0.169s] Level 1:colcon.colcon_core.package_identification:_identify(Automation) by extensions ['colcon_pkg']
[0.169s] Level 1:colcon.colcon_core.package_identification:_identify(Automation) by extension 'colcon_pkg'
[0.169s] Level 1:colcon.colcon_core.package_identification:_identify(Automation) by extensions ['colcon_meta']
[0.169s] Level 1:colcon.colcon_core.package_identification:_identify(Automation) by extension 'colcon_meta'
[0.169s] Level 1:colcon.colcon_core.package_identification:_identify(Automation) by extensions ['ros']
[0.169s] Level 1:colcon.colcon_core.package_identification:_identify(Automation) by extension 'ros'
[0.169s] Level 1:colcon.colcon_core.package_identification:_identify(Automation) by extensions ['cmake', 'python']
[0.169s] Level 1:colcon.colcon_core.package_identification:_identify(Automation) by extension 'cmake'
[0.169s] Level 1:colcon.colcon_core.package_identification:_identify(Automation) by extension 'python'
[0.169s] Level 1:colcon.colcon_core.package_identification:_identify(Automation) by extensions ['python_setup_py']
[0.169s] Level 1:colcon.colcon_core.package_identification:_identify(Automation) by extension 'python_setup_py'
[0.170s] Level 1:colcon.colcon_core.package_identification:_identify(Automation/src) by extensions ['ignore', 'ignore_ament_install']
[0.170s] Level 1:colcon.colcon_core.package_identification:_identify(Automation/src) by extension 'ignore'
[0.170s] Level 1:colcon.colcon_core.package_identification:_identify(Automation/src) by extension 'ignore_ament_install'
[0.170s] Level 1:colcon.colcon_core.package_identification:_identify(Automation/src) by extensions ['colcon_pkg']
[0.170s] Level 1:colcon.colcon_core.package_identification:_identify(Automation/src) by extension 'colcon_pkg'
[0.170s] Level 1:colcon.colcon_core.package_identification:_identify(Automation/src) by extensions ['colcon_meta']
[0.170s] Level 1:colcon.colcon_core.package_identification:_identify(Automation/src) by extension 'colcon_meta'
[0.170s] Level 1:colcon.colcon_core.package_identification:_identify(Automation/src) by extensions ['ros']
[0.170s] Level 1:colcon.colcon_core.package_identification:_identify(Automation/src) by extension 'ros'
[0.170s] Level 1:colcon.colcon_core.package_identification:_identify(Automation/src) by extensions ['cmake', 'python']
[0.170s] Level 1:colcon.colcon_core.package_identification:_identify(Automation/src) by extension 'cmake'
[0.170s] Level 1:colcon.colcon_core.package_identification:_identify(Automation/src) by extension 'python'
[0.170s] Level 1:colcon.colcon_core.package_identification:_identify(Automation/src) by extensions ['python_setup_py']
[0.170s] Level 1:colcon.colcon_core.package_identification:_identify(Automation/src) by extension 'python_setup_py'
[0.170s] Level 1:colcon.colcon_core.package_identification:_identify(Automation/src/ROS_Car) by extensions ['ignore', 'ignore_ament_install']
[0.170s] Level 1:colcon.colcon_core.package_identification:_identify(Automation/src/ROS_Car) by extension 'ignore'
[0.170s] Level 1:colcon.colcon_core.package_identification:_identify(Automation/src/ROS_Car) by extension 'ignore_ament_install'
[0.170s] Level 1:colcon.colcon_core.package_identification:_identify(Automation/src/ROS_Car) by extensions ['colcon_pkg']
[0.170s] Level 1:colcon.colcon_core.package_identification:_identify(Automation/src/ROS_Car) by extension 'colcon_pkg'
[0.170s] Level 1:colcon.colcon_core.package_identification:_identify(Automation/src/ROS_Car) by extensions ['colcon_meta']
[0.170s] Level 1:colcon.colcon_core.package_identification:_identify(Automation/src/ROS_Car) by extension 'colcon_meta'
[0.170s] Level 1:colcon.colcon_core.package_identification:_identify(Automation/src/ROS_Car) by extensions ['ros']
[0.170s] Level 1:colcon.colcon_core.package_identification:_identify(Automation/src/ROS_Car) by extension 'ros'
[0.170s] Level 1:colcon.colcon_core.package_identification:_identify(Automation/src/ROS_Car) by extensions ['cmake', 'python']
[0.170s] Level 1:colcon.colcon_core.package_identification:_identify(Automation/src/ROS_Car) by extension 'cmake'
[0.170s] Level 1:colcon.colcon_core.package_identification:_identify(Automation/src/ROS_Car) by extension 'python'
[0.170s] Level 1:colcon.colcon_core.package_identification:_identify(Automation/src/ROS_Car) by extensions ['python_setup_py']
[0.170s] Level 1:colcon.colcon_core.package_identification:_identify(Automation/src/ROS_Car) by extension 'python_setup_py'
[0.170s] Level 1:colcon.colcon_core.package_identification:_identify(Automation/src/ROS_Car/tusharbot_one) by extensions ['ignore', 'ignore_ament_install']
[0.170s] Level 1:colcon.colcon_core.package_identification:_identify(Automation/src/ROS_Car/tusharbot_one) by extension 'ignore'
[0.170s] Level 1:colcon.colcon_core.package_identification:_identify(Automation/src/ROS_Car/tusharbot_one) by extension 'ignore_ament_install'
[0.170s] Level 1:colcon.colcon_core.package_identification:_identify(Automation/src/ROS_Car/tusharbot_one) by extensions ['colcon_pkg']
[0.170s] Level 1:colcon.colcon_core.package_identification:_identify(Automation/src/ROS_Car/tusharbot_one) by extension 'colcon_pkg'
[0.170s] Level 1:colcon.colcon_core.package_identification:_identify(Automation/src/ROS_Car/tusharbot_one) by extensions ['colcon_meta']
[0.170s] Level 1:colcon.colcon_core.package_identification:_identify(Automation/src/ROS_Car/tusharbot_one) by extension 'colcon_meta'
[0.170s] Level 1:colcon.colcon_core.package_identification:_identify(Automation/src/ROS_Car/tusharbot_one) by extensions ['ros']
[0.170s] Level 1:colcon.colcon_core.package_identification:_identify(Automation/src/ROS_Car/tusharbot_one) by extension 'ros'
[0.172s] DEBUG:colcon.colcon_core.package_identification:Package 'Automation/src/ROS_Car/tusharbot_one' with type 'ros.ament_cmake' and name 'tusharbot_one'
[0.172s] Level 1:colcon.colcon_core.package_identification:_identify(ROS_Car) by extensions ['ignore', 'ignore_ament_install']
[0.172s] Level 1:colcon.colcon_core.package_identification:_identify(ROS_Car) by extension 'ignore'
[0.172s] Level 1:colcon.colcon_core.package_identification:_identify(ROS_Car) by extension 'ignore_ament_install'
[0.172s] Level 1:colcon.colcon_core.package_identification:_identify(ROS_Car) by extensions ['colcon_pkg']
[0.172s] Level 1:colcon.colcon_core.package_identification:_identify(ROS_Car) by extension 'colcon_pkg'
[0.172s] Level 1:colcon.colcon_core.package_identification:_identify(ROS_Car) by extensions ['colcon_meta']
[0.172s] Level 1:colcon.colcon_core.package_identification:_identify(ROS_Car) by extension 'colcon_meta'
[0.172s] Level 1:colcon.colcon_core.package_identification:_identify(ROS_Car) by extensions ['ros']
[0.172s] Level 1:colcon.colcon_core.package_identification:_identify(ROS_Car) by extension 'ros'
[0.172s] Level 1:colcon.colcon_core.package_identification:_identify(ROS_Car) by extensions ['cmake', 'python']
[0.172s] Level 1:colcon.colcon_core.package_identification:_identify(ROS_Car) by extension 'cmake'
[0.172s] Level 1:colcon.colcon_core.package_identification:_identify(ROS_Car) by extension 'python'
[0.172s] Level 1:colcon.colcon_core.package_identification:_identify(ROS_Car) by extensions ['python_setup_py']
[0.172s] Level 1:colcon.colcon_core.package_identification:_identify(ROS_Car) by extension 'python_setup_py'
[0.172s] Level 1:colcon.colcon_core.package_identification:_identify(ROS_Car/tusharbot_one) by extensions ['ignore', 'ignore_ament_install']
[0.172s] Level 1:colcon.colcon_core.package_identification:_identify(ROS_Car/tusharbot_one) by extension 'ignore'
[0.172s] Level 1:colcon.colcon_core.package_identification:_identify(ROS_Car/tusharbot_one) by extension 'ignore_ament_install'
[0.172s] Level 1:colcon.colcon_core.package_identification:_identify(ROS_Car/tusharbot_one) by extensions ['colcon_pkg']
[0.172s] Level 1:colcon.colcon_core.package_identification:_identify(ROS_Car/tusharbot_one) by extension 'colcon_pkg'
[0.172s] Level 1:colcon.colcon_core.package_identification:_identify(ROS_Car/tusharbot_one) by extensions ['colcon_meta']
[0.172s] Level 1:colcon.colcon_core.package_identification:_identify(ROS_Car/tusharbot_one) by extension 'colcon_meta'
[0.172s] Level 1:colcon.colcon_core.package_identification:_identify(ROS_Car/tusharbot_one) by extensions ['ros']
[0.172s] Level 1:colcon.colcon_core.package_identification:_identify(ROS_Car/tusharbot_one) by extension 'ros'
[0.173s] DEBUG:colcon.colcon_core.package_identification:Package 'ROS_Car/tusharbot_one' with type 'ros.ament_cmake' and name 'tusharbot_one'
[0.173s] Level 1:colcon.colcon_core.package_identification:_identify(build) by extensions ['ignore', 'ignore_ament_install']
[0.173s] Level 1:colcon.colcon_core.package_identification:_identify(build) by extension 'ignore'
[0.173s] Level 1:colcon.colcon_core.package_identification:_identify(build) ignored
[0.173s] Level 1:colcon.colcon_core.package_identification:_identify(controller) by extensions ['ignore', 'ignore_ament_install']
[0.173s] Level 1:colcon.colcon_core.package_identification:_identify(controller) by extension 'ignore'
[0.173s] Level 1:colcon.colcon_core.package_identification:_identify(controller) by extension 'ignore_ament_install'
[0.173s] Level 1:colcon.colcon_core.package_identification:_identify(controller) by extensions ['colcon_pkg']
[0.173s] Level 1:colcon.colcon_core.package_identification:_identify(controller) by extension 'colcon_pkg'
[0.173s] Level 1:colcon.colcon_core.package_identification:_identify(controller) by extensions ['colcon_meta']
[0.173s] Level 1:colcon.colcon_core.package_identification:_identify(controller) by extension 'colcon_meta'
[0.173s] Level 1:colcon.colcon_core.package_identification:_identify(controller) by extensions ['ros']
[0.173s] Level 1:colcon.colcon_core.package_identification:_identify(controller) by extension 'ros'
[0.174s] DEBUG:colcon.colcon_core.package_identification:Package 'controller' with type 'ros.ament_python' and name 'controller'
[0.174s] Level 1:colcon.colcon_core.package_identification:_identify(install) by extensions ['ignore', 'ignore_ament_install']
[0.174s] Level 1:colcon.colcon_core.package_identification:_identify(install) by extension 'ignore'
[0.174s] Level 1:colcon.colcon_core.package_identification:_identify(install) ignored
[0.174s] Level 1:colcon.colcon_core.package_identification:_identify(lidar_sensor) by extensions ['ignore', 'ignore_ament_install']
[0.174s] Level 1:colcon.colcon_core.package_identification:_identify(lidar_sensor) by extension 'ignore'
[0.174s] Level 1:colcon.colcon_core.package_identification:_identify(lidar_sensor) by extension 'ignore_ament_install'
[0.174s] Level 1:colcon.colcon_core.package_identification:_identify(lidar_sensor) by extensions ['colcon_pkg']
[0.174s] Level 1:colcon.colcon_core.package_identification:_identify(lidar_sensor) by extension 'colcon_pkg'
[0.174s] Level 1:colcon.colcon_core.package_identification:_identify(lidar_sensor) by extensions ['colcon_meta']
[0.174s] Level 1:colcon.colcon_core.package_identification:_identify(lidar_sensor) by extension 'colcon_meta'
[0.174s] Level 1:colcon.colcon_core.package_identification:_identify(lidar_sensor) by extensions ['ros']
[0.174s] Level 1:colcon.colcon_core.package_identification:_identify(lidar_sensor) by extension 'ros'
[0.174s] DEBUG:colcon.colcon_core.package_identification:Package 'lidar_sensor' with type 'ros.ament_cmake' and name 'lidar_sensor'
[0.174s] Level 1:colcon.colcon_core.package_identification:_identify(log) by extensions ['ignore', 'ignore_ament_install']
[0.174s] Level 1:colcon.colcon_core.package_identification:_identify(log) by extension 'ignore'
[0.174s] Level 1:colcon.colcon_core.package_identification:_identify(log) ignored
[0.174s] Level 1:colcon.colcon_core.package_identification:_identify(path_planning) by extensions ['ignore', 'ignore_ament_install']
[0.174s] Level 1:colcon.colcon_core.package_identification:_identify(path_planning) by extension 'ignore'
[0.175s] Level 1:colcon.colcon_core.package_identification:_identify(path_planning) by extension 'ignore_ament_install'
[0.175s] Level 1:colcon.colcon_core.package_identification:_identify(path_planning) by extensions ['colcon_pkg']
[0.175s] Level 1:colcon.colcon_core.package_identification:_identify(path_planning) by extension 'colcon_pkg'
[0.175s] Level 1:colcon.colcon_core.package_identification:_identify(path_planning) by extensions ['colcon_meta']
[0.175s] Level 1:colcon.colcon_core.package_identification:_identify(path_planning) by extension 'colcon_meta'
[0.175s] Level 1:colcon.colcon_core.package_identification:_identify(path_planning) by extensions ['ros']
[0.175s] Level 1:colcon.colcon_core.package_identification:_identify(path_planning) by extension 'ros'
[0.175s] DEBUG:colcon.colcon_core.package_identification:Package 'path_planning' with type 'ros.ament_python' and name 'path_planning'
[0.175s] Level 1:colcon.colcon_core.package_identification:_identify(run) by extensions ['ignore', 'ignore_ament_install']
[0.175s] Level 1:colcon.colcon_core.package_identification:_identify(run) by extension 'ignore'
[0.175s] Level 1:colcon.colcon_core.package_identification:_identify(run) by extension 'ignore_ament_install'
[0.175s] Level 1:colcon.colcon_core.package_identification:_identify(run) by extensions ['colcon_pkg']
[0.175s] Level 1:colcon.colcon_core.package_identification:_identify(run) by extension 'colcon_pkg'
[0.175s] Level 1:colcon.colcon_core.package_identification:_identify(run) by extensions ['colcon_meta']
[0.175s] Level 1:colcon.colcon_core.package_identification:_identify(run) by extension 'colcon_meta'
[0.175s] Level 1:colcon.colcon_core.package_identification:_identify(run) by extensions ['ros']
[0.175s] Level 1:colcon.colcon_core.package_identification:_identify(run) by extension 'ros'
[0.176s] DEBUG:colcon.colcon_core.package_identification:Package 'run' with type 'ros.ament_python' and name 'run'
[0.176s] Level 1:colcon.colcon_core.package_identification:_identify(sensors) by extensions ['ignore', 'ignore_ament_install']
[0.176s] Level 1:colcon.colcon_core.package_identification:_identify(sensors) by extension 'ignore'
[0.176s] Level 1:colcon.colcon_core.package_identification:_identify(sensors) by extension 'ignore_ament_install'
[0.176s] Level 1:colcon.colcon_core.package_identification:_identify(sensors) by extensions ['colcon_pkg']
[0.176s] Level 1:colcon.colcon_core.package_identification:_identify(sensors) by extension 'colcon_pkg'
[0.176s] Level 1:colcon.colcon_core.package_identification:_identify(sensors) by extensions ['colcon_meta']
[0.176s] Level 1:colcon.colcon_core.package_identification:_identify(sensors) by extension 'colcon_meta'
[0.176s] Level 1:colcon.colcon_core.package_identification:_identify(sensors) by extensions ['ros']
[0.176s] Level 1:colcon.colcon_core.package_identification:_identify(sensors) by extension 'ros'
[0.176s] DEBUG:colcon.colcon_core.package_identification:Package 'sensors' with type 'ros.ament_python' and name 'sensors'
[0.176s] Level 1:colcon.colcon_core.package_discovery:discover_packages(recursive) using defaults
[0.176s] Level 1:colcon.colcon_core.package_discovery:discover_packages(ignore) discover
[0.176s] Level 1:colcon.colcon_core.package_discovery:discover_packages(ignore) using defaults
[0.176s] Level 1:colcon.colcon_core.package_discovery:discover_packages(path) discover
[0.176s] Level 1:colcon.colcon_core.package_discovery:discover_packages(path) using defaults
[0.194s] INFO:colcon.colcon_core.package_selection:Skipping not selected package 'controller' in 'controller'
[0.194s] INFO:colcon.colcon_core.package_selection:Skipping not selected package 'lidar_sensor' in 'lidar_sensor'
[0.194s] INFO:colcon.colcon_core.package_selection:Skipping not selected package 'path_planning' in 'path_planning'
[0.194s] INFO:colcon.colcon_core.package_selection:Skipping not selected package 'sensors' in 'sensors'
[0.194s] INFO:colcon.colcon_core.package_selection:Skipping not selected package 'tusharbot_one' in 'Automation/src/ROS_Car/tusharbot_one'
[0.194s] INFO:colcon.colcon_core.package_selection:Skipping not selected package 'tusharbot_one' in 'ROS_Car/tusharbot_one'
[0.194s] Level 1:colcon.colcon_core.package_discovery:discover_packages(prefix_path) check parameters
[0.194s] Level 1:colcon.colcon_core.package_discovery:discover_packages(prefix_path) discover
[0.195s] WARNING:colcon.colcon_ros.prefix_path.ament:The path '/home/mahe/Desktop/hk/erc_hackathon_main/Automation/src/install/run' in the environment variable AMENT_PREFIX_PATH doesn't exist
[0.196s] DEBUG:colcon.colcon_installed_package_information.package_discovery:Found 0 installed packages in /home/mahe/Desktop/hk/erc_hackathon_main/Automation/src/install
[0.197s] DEBUG:colcon.colcon_installed_package_information.package_discovery:Found 376 installed packages in /opt/ros/humble
[0.198s] Level 1:colcon.colcon_core.package_discovery:discover_packages(prefix_path) using defaults
[0.224s] Level 5:colcon.colcon_core.verb:set package 'run' build argument 'cmake_args' from command line to 'None'
[0.224s] Level 5:colcon.colcon_core.verb:set package 'run' build argument 'cmake_target' from command line to 'None'
[0.224s] Level 5:colcon.colcon_core.verb:set package 'run' build argument 'cmake_target_skip_unavailable' from command line to 'False'
[0.224s] Level 5:colcon.colcon_core.verb:set package 'run' build argument 'cmake_clean_cache' from command line to 'False'
[0.224s] Level 5:colcon.colcon_core.verb:set package 'run' build argument 'cmake_clean_first' from command line to 'False'
[0.224s] Level 5:colcon.colcon_core.verb:set package 'run' build argument 'cmake_force_configure' from command line to 'False'
[0.224s] Level 5:colcon.colcon_core.verb:set package 'run' build argument 'ament_cmake_args' from command line to 'None'
[0.224s] Level 5:colcon.colcon_core.verb:set package 'run' build argument 'catkin_cmake_args' from command line to 'None'
[0.224s] Level 5:colcon.colcon_core.verb:set package 'run' build argument 'catkin_skip_building_tests' from command line to 'False'
[0.224s] DEBUG:colcon.colcon_core.verb:Building package 'run' with the following arguments: {'ament_cmake_args': None, 'build_base': '/home/mahe/Desktop/hk/erc_hackathon_main/Automation/src/build/run', 'catkin_cmake_args': None, 'catkin_skip_building_tests': False, 'cmake_args': None, 'cmake_clean_cache': False, 'cmake_clean_first': False, 'cmake_force_configure': False, 'cmake_target': None, 'cmake_target_skip_unavailable': False, 'install_base': '/home/mahe/Desktop/hk/erc_hackathon_main/Automation/src/install/run', 'merge_install': False, 'path': '/home/mahe/Desktop/hk/erc_hackathon_main/Automation/src/run', 'symlink_install': False, 'test_result_base': None}
[0.224s] INFO:colcon.colcon_core.executor:Executing jobs using 'parallel' executor
[0.225s] DEBUG:colcon.colcon_parallel_executor.executor.parallel:run_until_complete
[0.225s] INFO:colcon.colcon_ros.task.ament_python.build:Building ROS package in '/home/mahe/Desktop/hk/erc_hackathon_main/Automation/src/run' with build type 'ament_python'
[0.225s] Level 1:colcon.colcon_core.shell:create_environment_hook('run', 'ament_prefix_path')
[0.227s] INFO:colcon.colcon_core.plugin_system:Skipping extension 'colcon_core.shell.bat': Not used on non-Windows systems
[0.227s] INFO:colcon.colcon_core.shell:Creating environment hook '/home/mahe/Desktop/hk/erc_hackathon_main/Automation/src/install/run/share/run/hook/ament_prefix_path.ps1'
[0.227s] INFO:colcon.colcon_core.shell:Creating environment descriptor '/home/mahe/Desktop/hk/erc_hackathon_main/Automation/src/install/run/share/run/hook/ament_prefix_path.dsv'
[0.227s] INFO:colcon.colcon_core.shell:Creating environment hook '/home/mahe/Desktop/hk/erc_hackathon_main/Automation/src/install/run/share/run/hook/ament_prefix_path.sh'
[0.228s] INFO:colcon.colcon_core.shell:Skip shell extension 'powershell' for command environment: Not usable outside of PowerShell
[0.228s] DEBUG:colcon.colcon_core.shell:Skip shell extension 'dsv' for command environment
[0.383s] WARNING:colcon.colcon_ros.task.ament_python.build:Package 'run' doesn't explicitly install a marker in the package index (colcon-ros currently does it implicitly but that fallback will be removed in the future)
[0.383s] INFO:colcon.colcon_core.task.python.build:Building Python package in '/home/mahe/Desktop/hk/erc_hackathon_main/Automation/src/run'
[0.383s] INFO:colcon.colcon_core.shell:Skip shell extension 'powershell' for command environment: Not usable outside of PowerShell
[0.383s] DEBUG:colcon.colcon_core.shell:Skip shell extension 'dsv' for command environment
[0.584s] DEBUG:colcon.colcon_core.event_handler.log_command:Invoking command in '/home/mahe/Desktop/hk/erc_hackathon_main/Automation/src/run': PYTHONPATH=/home/mahe/Desktop/hk/erc_hackathon_main/Automation/src/build/run/prefix_override:/usr/lib/python3/dist-packages/colcon_core/task/python/colcon_distutils_commands:/home/mahe/Desktop/hk/erc_hackathon_main/Automation/src/install/run/lib/python3.10/site-packages:${PYTHONPATH} /usr/bin/python3 -W ignore:setup.py install is deprecated -W ignore:easy_install command is deprecated setup.py egg_info --egg-base ../build/run build --build-base /home/mahe/Desktop/hk/erc_hackathon_main/Automation/src/build/run/build install --record /home/mahe/Desktop/hk/erc_hackathon_main/Automation/src/build/run/install.log --single-version-externally-managed install_data
[0.753s] DEBUG:colcon.colcon_core.event_handler.log_command:Invoked command in '/home/mahe/Desktop/hk/erc_hackathon_main/Automation/src/run' returned '0': PYTHONPATH=/home/mahe/Desktop/hk/erc_hackathon_main/Automation/src/build/run/prefix_override:/usr/lib/python3/dist-packages/colcon_core/task/python/colcon_distutils_commands:/home/mahe/Desktop/hk/erc_hackathon_main/Automation/src/install/run/lib/python3.10/site-packages:${PYTHONPATH} /usr/bin/python3 -W ignore:setup.py install is deprecated -W ignore:easy_install command is deprecated setup.py egg_info --egg-base ../build/run build --build-base /home/mahe/Desktop/hk/erc_hackathon_main/Automation/src/build/run/build install --record /home/mahe/Desktop/hk/erc_hackathon_main/Automation/src/build/run/install.log --single-version-externally-managed install_data
[0.755s] Level 1:colcon.colcon_core.environment:checking '/home/mahe/Desktop/hk/erc_hackathon_main/Automation/src/install/run' for CMake module files
[0.756s] Level 1:colcon.colcon_core.environment:checking '/home/mahe/Desktop/hk/erc_hackathon_main/Automation/src/install/run' for CMake config files
[0.756s] Level 1:colcon.colcon_core.environment:checking '/home/mahe/Desktop/hk/erc_hackathon_main/Automation/src/install/run/lib'
[0.756s] Level 1:colcon.colcon_core.environment:checking '/home/mahe/Desktop/hk/erc_hackathon_main/Automation/src/install/run/bin'
[0.756s] Level 1:colcon.colcon_core.environment:checking '/home/mahe/Desktop/hk/erc_hackathon_main/Automation/src/install/run/lib/pkgconfig/run.pc'
[0.756s] Level 1:colcon.colcon_core.environment:checking '/home/mahe/Desktop/hk/erc_hackathon_main/Automation/src/install/run/lib/python3.10/site-packages'
[0.756s] Level 1:colcon.colcon_core.shell:create_environment_hook('run', 'pythonpath')
[0.757s] INFO:colcon.colcon_core.shell:Creating environment hook '/home/mahe/Desktop/hk/erc_hackathon_main/Automation/src/install/run/share/run/hook/pythonpath.ps1'
[0.757s] INFO:colcon.colcon_core.shell:Creating environment descriptor '/home/mahe/Desktop/hk/erc_hackathon_main/Automation/src/install/run/share/run/hook/pythonpath.dsv'
[0.757s] INFO:colcon.colcon_core.shell:Creating environment hook '/home/mahe/Desktop/hk/erc_hackathon_main/Automation/src/install/run/share/run/hook/pythonpath.sh'
[0.757s] Level 1:colcon.colcon_core.environment:checking '/home/mahe/Desktop/hk/erc_hackathon_main/Automation/src/install/run/bin'
[0.757s] Level 1:colcon.colcon_core.environment:create_environment_scripts_only(run)
[0.757s] INFO:colcon.colcon_core.shell:Creating package script '/home/mahe/Desktop/hk/erc_hackathon_main/Automation/src/install/run/share/run/package.ps1'
[0.758s] INFO:colcon.colcon_core.shell:Creating package descriptor '/home/mahe/Desktop/hk/erc_hackathon_main/Automation/src/install/run/share/run/package.dsv'
[0.758s] INFO:colcon.colcon_core.shell:Creating package script '/home/mahe/Desktop/hk/erc_hackathon_main/Automation/src/install/run/share/run/package.sh'
[0.759s] INFO:colcon.colcon_core.shell:Creating package script '/home/mahe/Desktop/hk/erc_hackathon_main/Automation/src/install/run/share/run/package.bash'
[0.759s] INFO:colcon.colcon_core.shell:Creating package script '/home/mahe/Desktop/hk/erc_hackathon_main/Automation/src/install/run/share/run/package.zsh'
[0.759s] Level 1:colcon.colcon_core.environment:create_file_with_runtime_dependencies(/home/mahe/Desktop/hk/erc_hackathon_main/Automation/src/install/run/share/colcon-core/packages/run)
[0.759s] DEBUG:colcon.colcon_parallel_executor.executor.parallel:closing loop
[0.760s] DEBUG:colcon.colcon_parallel_executor.executor.parallel:loop closed
[0.760s] DEBUG:colcon.colcon_parallel_executor.executor.parallel:run_until_complete finished with '0'
[0.760s] DEBUG:colcon.colcon_core.event_reactor:joining thread
[0.763s] INFO:colcon.colcon_core.plugin_system:Skipping extension 'colcon_notification.desktop_notification.terminal_notifier': Not used on non-Darwin systems
[0.763s] INFO:colcon.colcon_core.plugin_system:Skipping extension 'colcon_notification.desktop_notification.win32': Not used on non-Windows systems
[0.763s] INFO:colcon.colcon_notification.desktop_notification:Sending desktop notification using 'notify2'
[0.778s] DEBUG:colcon.colcon_core.event_reactor:joined thread
[0.778s] INFO:colcon.colcon_core.shell:Creating prefix script '/home/mahe/Desktop/hk/erc_hackathon_main/Automation/src/install/local_setup.ps1'
[0.779s] INFO:colcon.colcon_core.shell:Creating prefix util module '/home/mahe/Desktop/hk/erc_hackathon_main/Automation/src/install/_local_setup_util_ps1.py'
[0.781s] INFO:colcon.colcon_core.shell:Creating prefix chain script '/home/mahe/Desktop/hk/erc_hackathon_main/Automation/src/install/setup.ps1'
[0.781s] INFO:colcon.colcon_core.shell:Creating prefix script '/home/mahe/Desktop/hk/erc_hackathon_main/Automation/src/install/local_setup.sh'
[0.782s] INFO:colcon.colcon_core.shell:Creating prefix util module '/home/mahe/Desktop/hk/erc_hackathon_main/Automation/src/install/_local_setup_util_sh.py'
[0.782s] INFO:colcon.colcon_core.shell:Creating prefix chain script '/home/mahe/Desktop/hk/erc_hackathon_main/Automation/src/install/setup.sh'
[0.783s] INFO:colcon.colcon_core.shell:Creating prefix script '/home/mahe/Desktop/hk/erc_hackathon_main/Automation/src/install/local_setup.bash'
[0.784s] INFO:colcon.colcon_core.shell:Creating prefix chain script '/home/mahe/Desktop/hk/erc_hackathon_main/Automation/src/install/setup.bash'
[0.784s] INFO:colcon.colcon_core.shell:Creating prefix script '/home/mahe/Desktop/hk/erc_hackathon_main/Automation/src/install/local_setup.zsh'
[0.785s] INFO:colcon.colcon_core.shell:Creating prefix chain script '/home/mahe/Desktop/hk/erc_hackathon_main/Automation/src/install/setup.zsh'
