running develop
running egg_info
creating controller.egg-info
writing controller.egg-info/PKG-INFO
writing dependency_links to controller.egg-info/dependency_links.txt
writing entry points to controller.egg-info/entry_points.txt
writing requirements to controller.egg-info/requires.txt
writing top-level names to controller.egg-info/top_level.txt
writing manifest file 'controller.egg-info/SOURCES.txt'
reading manifest file 'controller.egg-info/SOURCES.txt'
writing manifest file 'controller.egg-info/SOURCES.txt'
running build_ext
Creating /home/mahe/Desktop/hk/erc_hackathon_main/Automation/install/controller/lib/python3.10/site-packages/controller.egg-link (link to .)

Installed /home/mahe/Desktop/hk/erc_hackathon_main/Automation/build/controller
running symlink_data
creating /home/mahe/Desktop/hk/erc_hackathon_main/Automation/install/controller/share/ament_index
creating /home/mahe/Desktop/hk/erc_hackathon_main/Automation/install/controller/share/ament_index/resource_index
creating /home/mahe/Desktop/hk/erc_hackathon_main/Automation/install/controller/share/ament_index/resource_index/packages
symbolically linking /home/mahe/Desktop/hk/erc_hackathon_main/Automation/build/controller/resource/controller -> /home/mahe/Desktop/hk/erc_hackathon_main/Automation/install/controller/share/ament_index/resource_index/packages
symbolically linking /home/mahe/Desktop/hk/erc_hackathon_main/Automation/build/controller/package.xml -> /home/mahe/Desktop/hk/erc_hackathon_main/Automation/install/controller/share/controller
