[0.572s] Invoking command in '/home/mahe/Desktop/hk/erc_hackathon_main/Automation/build/controller': PYTHONPATH=/home/mahe/Desktop/hk/erc_hackathon_main/Automation/build/controller/prefix_override:/usr/lib/python3/dist-packages/colcon_core/task/python/colcon_distutils_commands:/home/mahe/Desktop/hk/erc_hackathon_main/Automation/install/controller/lib/python3.10/site-packages:${PYTHONPATH} /usr/bin/python3 -W ignore:setup.py install is deprecated -W ignore:easy_install command is deprecated setup.py develop --editable --build-directory /home/mahe/Desktop/hk/erc_hackathon_main/Automation/build/controller/build --no-deps symlink_data
[0.791s] running develop
[0.918s] running egg_info
[0.918s] creating controller.egg-info
[0.918s] writing controller.egg-info/PKG-INFO
[0.918s] writing dependency_links to controller.egg-info/dependency_links.txt
[0.918s] writing entry points to controller.egg-info/entry_points.txt
[0.919s] writing requirements to controller.egg-info/requires.txt
[0.919s] writing top-level names to controller.egg-info/top_level.txt
[0.919s] writing manifest file 'controller.egg-info/SOURCES.txt'
[0.921s] reading manifest file 'controller.egg-info/SOURCES.txt'
[0.922s] writing manifest file 'controller.egg-info/SOURCES.txt'
[0.923s] running build_ext
[0.923s] Creating /home/mahe/Desktop/hk/erc_hackathon_main/Automation/install/controller/lib/python3.10/site-packages/controller.egg-link (link to .)
[0.924s] 
[0.924s] Installed /home/mahe/Desktop/hk/erc_hackathon_main/Automation/build/controller
[0.924s] running symlink_data
[0.924s] creating /home/mahe/Desktop/hk/erc_hackathon_main/Automation/install/controller/share/ament_index
[0.924s] creating /home/mahe/Desktop/hk/erc_hackathon_main/Automation/install/controller/share/ament_index/resource_index
[0.924s] creating /home/mahe/Desktop/hk/erc_hackathon_main/Automation/install/controller/share/ament_index/resource_index/packages
[0.924s] symbolically linking /home/mahe/Desktop/hk/erc_hackathon_main/Automation/build/controller/resource/controller -> /home/mahe/Desktop/hk/erc_hackathon_main/Automation/install/controller/share/ament_index/resource_index/packages
[0.924s] symbolically linking /home/mahe/Desktop/hk/erc_hackathon_main/Automation/build/controller/package.xml -> /home/mahe/Desktop/hk/erc_hackathon_main/Automation/install/controller/share/controller
[0.950s] Invoked command in '/home/mahe/Desktop/hk/erc_hackathon_main/Automation/build/controller' returned '0': PYTHONPATH=/home/mahe/Desktop/hk/erc_hackathon_main/Automation/build/controller/prefix_override:/usr/lib/python3/dist-packages/colcon_core/task/python/colcon_distutils_commands:/home/mahe/Desktop/hk/erc_hackathon_main/Automation/install/controller/lib/python3.10/site-packages:${PYTHONPATH} /usr/bin/python3 -W ignore:setup.py install is deprecated -W ignore:easy_install command is deprecated setup.py develop --editable --build-directory /home/mahe/Desktop/hk/erc_hackathon_main/Automation/build/controller/build --no-deps symlink_data
